<?xml version="1.0" encoding="UTF-8"?>
<testsuite xmlns:xsi="http://www.w3.org/2001/XMLSchema-instance" xsi:noNamespaceSchemaLocation="https://maven.apache.org/surefire/maven-surefire-plugin/xsd/surefire-test-report.xsd" name="PieceBaseTest" time="0.034" tests="13" errors="0" skipped="0" failures="0">
  <properties>
    <property name="sun.desktop" value="windows"/>
    <property name="awt.toolkit" value="sun.awt.windows.WToolkit"/>
    <property name="file.encoding.pkg" value="sun.io"/>
    <property name="java.specification.version" value="1.8"/>
    <property name="sun.cpu.isalist" value="amd64"/>
    <property name="sun.jnu.encoding" value="Cp1252"/>
    <property name="java.class.path" value="C:\Users\gmartineza\code\tetris\target\test-classes;C:\Users\gmartineza\code\tetris\target\classes;C:\Users\gmartineza\.m2\repository\junit\junit\4.11\junit-4.11.jar;C:\Users\gmartineza\.m2\repository\org\hamcrest\hamcrest-core\1.3\hamcrest-core-1.3.jar;"/>
    <property name="java.vm.vendor" value="Temurin"/>
    <property name="sun.arch.data.model" value="64"/>
    <property name="user.variant" value=""/>
    <property name="java.vendor.url" value="https://adoptium.net/"/>
    <property name="user.timezone" value="America/Buenos_Aires"/>
    <property name="java.vm.specification.version" value="1.8"/>
    <property name="os.name" value="Windows 10"/>
    <property name="user.country" value="US"/>
    <property name="sun.java.launcher" value="SUN_STANDARD"/>
    <property name="sun.boot.library.path" value="C:\Program Files\Eclipse Adoptium\jdk-8.0.382.5-hotspot\jre\bin"/>
    <property name="sun.java.command" value="C:\Users\GMARTI~1\AppData\Local\Temp\surefire8581302516384456128\surefirebooter6156426659322498292.jar C:\Users\gmartineza\AppData\Local\Temp\surefire8581302516384456128 2023-09-11T20-48-20_474-jvmRun1 surefire933513618296356610tmp surefire_03411500590932780744tmp"/>
    <property name="surefire.test.class.path" value="C:\Users\gmartineza\code\tetris\target\test-classes;C:\Users\gmartineza\code\tetris\target\classes;C:\Users\gmartineza\.m2\repository\junit\junit\4.11\junit-4.11.jar;C:\Users\gmartineza\.m2\repository\org\hamcrest\hamcrest-core\1.3\hamcrest-core-1.3.jar;"/>
    <property name="sun.cpu.endian" value="little"/>
    <property name="user.home" value="C:\Users\gmartineza"/>
    <property name="user.language" value="en"/>
    <property name="java.specification.vendor" value="Oracle Corporation"/>
    <property name="java.home" value="C:\Program Files\Eclipse Adoptium\jdk-8.0.382.5-hotspot\jre"/>
    <property name="basedir" value="C:\Users\gmartineza\code\tetris"/>
    <property name="file.separator" value="\"/>
    <property name="line.separator" value="&#10;"/>
    <property name="java.vm.specification.vendor" value="Oracle Corporation"/>
    <property name="java.specification.name" value="Java Platform API Specification"/>
    <property name="java.awt.graphicsenv" value="sun.awt.Win32GraphicsEnvironment"/>
    <property name="surefire.real.class.path" value="C:\Users\GMARTI~1\AppData\Local\Temp\surefire8581302516384456128\surefirebooter6156426659322498292.jar;C:\\Users\\gmartineza\\.m2\\repository\\org\\jacoco\\org.jacoco.agent\\0.8.3\\org.jacoco.agent-0.8.3-runtime.jar"/>
    <property name="sun.boot.class.path" value="C:\Program Files\Eclipse Adoptium\jdk-8.0.382.5-hotspot\jre\lib\resources.jar;C:\Program Files\Eclipse Adoptium\jdk-8.0.382.5-hotspot\jre\lib\rt.jar;C:\Program Files\Eclipse Adoptium\jdk-8.0.382.5-hotspot\jre\lib\sunrsasign.jar;C:\Program Files\Eclipse Adoptium\jdk-8.0.382.5-hotspot\jre\lib\jsse.jar;C:\Program Files\Eclipse Adoptium\jdk-8.0.382.5-hotspot\jre\lib\jce.jar;C:\Program Files\Eclipse Adoptium\jdk-8.0.382.5-hotspot\jre\lib\charsets.jar;C:\Program Files\Eclipse Adoptium\jdk-8.0.382.5-hotspot\jre\lib\jfr.jar;C:\Program Files\Eclipse Adoptium\jdk-8.0.382.5-hotspot\jre\classes"/>
    <property name="user.script" value=""/>
    <property name="sun.management.compiler" value="HotSpot 64-Bit Tiered Compilers"/>
    <property name="java.runtime.version" value="1.8.0_382-b05"/>
    <property name="user.name" value="gmartineza"/>
    <property name="path.separator" value=";"/>
    <property name="os.version" value="10.0"/>
    <property name="java.endorsed.dirs" value="C:\Program Files\Eclipse Adoptium\jdk-8.0.382.5-hotspot\jre\lib\endorsed"/>
    <property name="java.runtime.name" value="OpenJDK Runtime Environment"/>
    <property name="file.encoding" value="Cp1252"/>
    <property name="java.vm.name" value="OpenJDK 64-Bit Server VM"/>
    <property name="localRepository" value="C:\Users\gmartineza\.m2\repository"/>
    <property name="java.vendor.url.bug" value="https://github.com/adoptium/adoptium-support/issues"/>
    <property name="java.io.tmpdir" value="C:\Users\GMARTI~1\AppData\Local\Temp\"/>
    <property name="java.version" value="1.8.0_382"/>
    <property name="user.dir" value="C:\Users\gmartineza\code\tetris"/>
    <property name="os.arch" value="amd64"/>
    <property name="java.vm.specification.name" value="Java Virtual Machine Specification"/>
    <property name="java.awt.printerjob" value="sun.awt.windows.WPrinterJob"/>
    <property name="sun.os.patch.level" value=""/>
    <property name="java.library.path" value="C:\Program Files\Eclipse Adoptium\jdk-8.0.382.5-hotspot\jre\bin;C:\Windows\Sun\Java\bin;C:\Windows\system32;C:\Windows;C:\Program Files\Eclipse Adoptium\jdk-8.0.382.5-hotspot\bin;C:\Program Files\Common Files\Oracle\Java\javapath;C:\Windows\system32;C:\Windows;C:\Windows\System32\Wbem;C:\Windows\System32\WindowsPowerShell\v1.0\;C:\Windows\System32\OpenSSH\;C:\Program Files\Git\cmd;D:\Program Files\VSCodium\bin;C:\Program Files\apache-maven-3.9.4\bin;C:\Users\gmartineza\AppData\Local\Programs\Python\Python311\Scripts\;C:\Users\gmartineza\AppData\Local\Programs\Python\Python311\;C:\Users\gmartineza\AppData\Local\Microsoft\WindowsApps;."/>
    <property name="java.vm.info" value="mixed mode"/>
    <property name="java.vendor" value="Temurin"/>
    <property name="java.vm.version" value="25.382-b05"/>
    <property name="java.specification.maintenance.version" value="5"/>
    <property name="java.ext.dirs" value="C:\Program Files\Eclipse Adoptium\jdk-8.0.382.5-hotspot\jre\lib\ext;C:\Windows\Sun\Java\lib\ext"/>
    <property name="sun.io.unicode.encoding" value="UnicodeLittle"/>
    <property name="java.class.version" value="52.0"/>
  </properties>
  <testcase name="testOrientationsLPieceLeft" classname="PieceBaseTest" time="0"/>
  <testcase name="InstantiateLpiecetest" classname="PieceBaseTest" time="0"/>
  <testcase name="rotateClowkwiseDog" classname="PieceBaseTest" time="0"/>
  <testcase name="testOrientationsTPiece" classname="PieceBaseTest" time="0"/>
  <testcase name="testOrientationsStickPiece" classname="PieceBaseTest" time="0"/>
  <testcase name="InstantiateStickpiecetest" classname="PieceBaseTest" time="0"/>
  <testcase name="testOrientationsDogPieceRight" classname="PieceBaseTest" time="0"/>
  <testcase name="testOrientationsSquarePiece" classname="PieceBaseTest" time="0"/>
  <testcase name="testOrientationsLPieceRight" classname="PieceBaseTest" time="0"/>
  <testcase name="InstantiateTpiecetest" classname="PieceBaseTest" time="0"/>
  <testcase name="testOrientationsDogPieceLeft" classname="PieceBaseTest" time="0"/>
  <testcase name="InstantiateSquarepiecetest" classname="PieceBaseTest" time="0"/>
  <testcase name="InstantiateDogpiecetest" classname="PieceBaseTest" time="0"/>
</testsuite>